1761429124404	geckodriver	INFO	Listening on 127.0.0.1:58285
1761429127476	mozrunner::runner	INFO	Running command: "C:\\Program Files\\Mozilla Firefox\\firefox.exe" "--marionette" "--remote-debugging-port" "58286" "--remote-allow-hosts" "localhost" "-no-remote" "-profile" "C:\\Users\\jw_ma\\AppData\\Local\\Temp\\rust_mozprofileqNyPx9"
console.warn: services.settings: Ignoring preference override of remote settings server
console.warn: services.settings: Allow by setting MOZ_REMOTE_SETTINGS_DEVTOOLS=1 in the environment
Dynamically enable window occlusion 0
1761429127805	Marionette	INFO	Marionette enabled
1761429127873	Marionette	INFO	Listening on port 58294
WebDriver BiDi listening on ws://127.0.0.1:58286
Read port: 58294
1761429127964	RemoteAgent	WARN	TLS certificate errors will be ignored for this session
console.warn: LoginRecipes: "Falling back to a synchronous message for: http://localhost."
console.warn: LoginRecipes: "Falling back to a synchronous message for: http://localhost."
1761429139772	Marionette	INFO	Stopped listening on port 58294
Dynamically enable window occlusion 1
console.error: "Failed to fetch https://spocs.getpocket.com/user:" "NetworkError when attempting to fetch resource."
console.error: (new TypeError("NetworkError when attempting to fetch resource.", ""))
console.error: (new Error("OHTTP was configured for https://ads.mozilla.org/v1/delete_user but we couldn't fetch a valid config", "moz-src:///browser/modules/ContextId.sys.mjs", 234))
console.warn: TopSitesFeed: Failed to fetch data from MARS server: NetworkError when attempting to fetch resource.
JavaScript error: resource://gre/modules/ObliviousHTTP.sys.mjs, line 117: NS_ERROR_XPC_CANT_CONVERT_PRIMITIVE_TO_ARRAY: Cannot convert primitive JavaScript value into an array arg 2 [nsIObliviousHttpService.newChannel]
JavaScript error: resource://services-settings/RemoteSettingsClient.sys.mjs, line 85: Error: Unknown callback
console.error: ({err:(new Error("file picker crashed, but no browser windows were available to report this", "resource:///modules/FilePickerCrashed.sys.mjs", 42)), bag:({}), ctx:{}})
JavaScript error: resource:///modules/FilePickerCrashed.sys.mjs, line 42: Error: file picker crashed, but no browser windows were available to report this
